  Main.cpp
c:\users\rafae\downloads\arvoreenaria-master\arvoreenaria\arvoreenaria\noarvoreenaria.h(12): warning C4290: especificação de exceção de C++ ignorada exceto para indicar que a função não é __declspec(nothrow)
c:\users\rafae\downloads\arvoreenaria-master\arvoreenaria\arvoreenaria\noarvoreenaria.h(14): warning C4290: especificação de exceção de C++ ignorada exceto para indicar que a função não é __declspec(nothrow)
c:\users\rafae\downloads\arvoreenaria-master\arvoreenaria\arvoreenaria\arvoreenaria.h(14): warning C4290: especificação de exceção de C++ ignorada exceto para indicar que a função não é __declspec(nothrow)
c:\users\rafae\downloads\arvoreenaria-master\arvoreenaria\arvoreenaria\arvoreenaria.h(15): warning C4290: especificação de exceção de C++ ignorada exceto para indicar que a função não é __declspec(nothrow)
c:\users\rafae\downloads\arvoreenaria-master\arvoreenaria\arvoreenaria\arvoreenaria.h(18): warning C4290: especificação de exceção de C++ ignorada exceto para indicar que a função não é __declspec(nothrow)
c:\users\rafae\downloads\arvoreenaria-master\arvoreenaria\arvoreenaria\main.cpp(18): error C2259: 'MinhaInfo': não é possível instanciar classe abstract
  c:\users\rafae\downloads\arvoreenaria-master\arvoreenaria\arvoreenaria\main.cpp(18): note: devido aos seguintes membros:
  c:\users\rafae\downloads\arvoreenaria-master\arvoreenaria\arvoreenaria\main.cpp(18): note: 'char InfoArvoreEnaria::operator <(const InfoArvoreEnaria &) throw() const': é abstrato
  c:\users\rafae\downloads\arvoreenaria-master\arvoreenaria\arvoreenaria\infoarvoreenaria.h(12): note: consulte a declaração de 'InfoArvoreEnaria::operator <'
  c:\users\rafae\downloads\arvoreenaria-master\arvoreenaria\arvoreenaria\main.cpp(18): note: 'char InfoArvoreEnaria::operator >(const InfoArvoreEnaria &) throw() const': é abstrato
  c:\users\rafae\downloads\arvoreenaria-master\arvoreenaria\arvoreenaria\infoarvoreenaria.h(13): note: consulte a declaração de 'InfoArvoreEnaria::operator >'
  c:\users\rafae\downloads\arvoreenaria-master\arvoreenaria\arvoreenaria\main.cpp(18): note: 'char InfoArvoreEnaria::operator ==(const InfoArvoreEnaria &) throw() const': é abstrato
  c:\users\rafae\downloads\arvoreenaria-master\arvoreenaria\arvoreenaria\infoarvoreenaria.h(14): note: consulte a declaração de 'InfoArvoreEnaria::operator =='
  c:\users\rafae\downloads\arvoreenaria-master\arvoreenaria\arvoreenaria\main.cpp(18): note: 'char InfoArvoreEnaria::operator <=(const InfoArvoreEnaria &) throw() const': é abstrato
  c:\users\rafae\downloads\arvoreenaria-master\arvoreenaria\arvoreenaria\infoarvoreenaria.h(15): note: consulte a declaração de 'InfoArvoreEnaria::operator <='
  c:\users\rafae\downloads\arvoreenaria-master\arvoreenaria\arvoreenaria\main.cpp(18): note: 'char InfoArvoreEnaria::operator >=(const InfoArvoreEnaria &) throw() const': é abstrato
  c:\users\rafae\downloads\arvoreenaria-master\arvoreenaria\arvoreenaria\infoarvoreenaria.h(16): note: consulte a declaração de 'InfoArvoreEnaria::operator >='
c:\users\rafae\downloads\arvoreenaria-master\arvoreenaria\arvoreenaria\main.cpp(19): error C2664: 'void ArvoreEnaria::inserir(InfoArvoreEnaria *) throw(char)': não é possível converter um argumento 1 de 'MinhaInfo' em 'InfoArvoreEnaria *'
  c:\users\rafae\downloads\arvoreenaria-master\arvoreenaria\arvoreenaria\main.cpp(19): note: Nenhum operador de conversão definida pelo usuário disponível que possa realizar esta conversão, ou o operador não pode ser chamado
  InfoArvoreEnaria.cpp
c:\users\rafae\downloads\arvoreenaria-master\arvoreenaria\arvoreenaria\infoarvoreenaria.cpp(15): error C2678: '<<' binário : nenhum operador encontrado que receba um operando de lado esquerdo do tipo 'std::ostream' (ou não há conversão aceitável)
  c:\program files (x86)\microsoft visual studio\2017\community\vc\tools\msvc\14.11.25503\include\ostream(488): note: poderia ser 'std::basic_ostream<char,std::char_traits<char>> &std::basic_ostream<char,std::char_traits<char>>::operator <<(std::basic_streambuf<char,std::char_traits<char>> *)'
  c:\program files (x86)\microsoft visual studio\2017\community\vc\tools\msvc\14.11.25503\include\ostream(468): note: ou       'std::basic_ostream<char,std::char_traits<char>> &std::basic_ostream<char,std::char_traits<char>>::operator <<(const void *)'
  c:\program files (x86)\microsoft visual studio\2017\community\vc\tools\msvc\14.11.25503\include\ostream(448): note: ou       'std::basic_ostream<char,std::char_traits<char>> &std::basic_ostream<char,std::char_traits<char>>::operator <<(long double)'
  c:\program files (x86)\microsoft visual studio\2017\community\vc\tools\msvc\14.11.25503\include\ostream(428): note: ou       'std::basic_ostream<char,std::char_traits<char>> &std::basic_ostream<char,std::char_traits<char>>::operator <<(double)'
  c:\program files (x86)\microsoft visual studio\2017\community\vc\tools\msvc\14.11.25503\include\ostream(408): note: ou       'std::basic_ostream<char,std::char_traits<char>> &std::basic_ostream<char,std::char_traits<char>>::operator <<(float)'
  c:\program files (x86)\microsoft visual studio\2017\community\vc\tools\msvc\14.11.25503\include\ostream(388): note: ou       'std::basic_ostream<char,std::char_traits<char>> &std::basic_ostream<char,std::char_traits<char>>::operator <<(unsigned __int64)'
  c:\program files (x86)\microsoft visual studio\2017\community\vc\tools\msvc\14.11.25503\include\ostream(368): note: ou       'std::basic_ostream<char,std::char_traits<char>> &std::basic_ostream<char,std::char_traits<char>>::operator <<(__int64)'
  c:\program files (x86)\microsoft visual studio\2017\community\vc\tools\msvc\14.11.25503\include\ostream(348): note: ou       'std::basic_ostream<char,std::char_traits<char>> &std::basic_ostream<char,std::char_traits<char>>::operator <<(unsigned long)'
  c:\program files (x86)\microsoft visual studio\2017\community\vc\tools\msvc\14.11.25503\include\ostream(328): note: ou       'std::basic_ostream<char,std::char_traits<char>> &std::basic_ostream<char,std::char_traits<char>>::operator <<(long)'
  c:\program files (x86)\microsoft visual studio\2017\community\vc\tools\msvc\14.11.25503\include\ostream(308): note: ou       'std::basic_ostream<char,std::char_traits<char>> &std::basic_ostream<char,std::char_traits<char>>::operator <<(unsigned int)'
  c:\program files (x86)\microsoft visual studio\2017\community\vc\tools\msvc\14.11.25503\include\ostream(283): note: ou       'std::basic_ostream<char,std::char_traits<char>> &std::basic_ostream<char,std::char_traits<char>>::operator <<(int)'
  c:\program files (x86)\microsoft visual studio\2017\community\vc\tools\msvc\14.11.25503\include\ostream(263): note: ou       'std::basic_ostream<char,std::char_traits<char>> &std::basic_ostream<char,std::char_traits<char>>::operator <<(unsigned short)'
  c:\program files (x86)\microsoft visual studio\2017\community\vc\tools\msvc\14.11.25503\include\ostream(229): note: ou       'std::basic_ostream<char,std::char_traits<char>> &std::basic_ostream<char,std::char_traits<char>>::operator <<(short)'
  c:\program files (x86)\microsoft visual studio\2017\community\vc\tools\msvc\14.11.25503\include\ostream(209): note: ou       'std::basic_ostream<char,std::char_traits<char>> &std::basic_ostream<char,std::char_traits<char>>::operator <<(bool)'
  c:\program files (x86)\microsoft visual studio\2017\community\vc\tools\msvc\14.11.25503\include\ostream(203): note: ou       'std::basic_ostream<char,std::char_traits<char>> &std::basic_ostream<char,std::char_traits<char>>::operator <<(std::ios_base &(__cdecl *)(std::ios_base &))'
  c:\program files (x86)\microsoft visual studio\2017\community\vc\tools\msvc\14.11.25503\include\ostream(197): note: ou       'std::basic_ostream<char,std::char_traits<char>> &std::basic_ostream<char,std::char_traits<char>>::operator <<(std::basic_ios<char,std::char_traits<char>> &(__cdecl *)(std::basic_ios<char,std::char_traits<char>> &))'
  c:\program files (x86)\microsoft visual studio\2017\community\vc\tools\msvc\14.11.25503\include\ostream(192): note: ou       'std::basic_ostream<char,std::char_traits<char>> &std::basic_ostream<char,std::char_traits<char>>::operator <<(std::basic_ostream<char,std::char_traits<char>> &(__cdecl *)(std::basic_ostream<char,std::char_traits<char>> &))'
  c:\users\rafae\downloads\arvoreenaria-master\arvoreenaria\arvoreenaria\infoarvoreenaria.cpp(14): note: ou       'std::ostream &operator <<(std::ostream &,const InfoArvoreEnaria &) throw()'
  c:\program files (x86)\microsoft visual studio\2017\community\vc\tools\msvc\14.11.25503\include\ostream(1011): note: ou       'std::basic_ostream<char,std::char_traits<char>> &std::operator <<<char,std::char_traits<char>>(std::basic_ostream<char,std::char_traits<char>> &,const std::error_code &)'
  c:\program files (x86)\microsoft visual studio\2017\community\vc\tools\msvc\14.11.25503\include\ostream(973): note: ou       'std::basic_ostream<char,std::char_traits<char>> &std::operator <<<char,std::char_traits<char>,std::ostream>(std::basic_ostream<char,std::char_traits<char>> &&,const _Ty &)'
          with
          [
              _Ty=std::ostream
          ]
  c:\program files (x86)\microsoft visual studio\2017\community\vc\tools\msvc\14.11.25503\include\ostream(963): note: ou       'std::basic_ostream<char,std::char_traits<char>> &std::operator <<<std::char_traits<char>>(std::basic_ostream<char,std::char_traits<char>> &,unsigned char)'
  c:\program files (x86)\microsoft visual studio\2017\community\vc\tools\msvc\14.11.25503\include\ostream(956): note: ou       'std::basic_ostream<char,std::char_traits<char>> &std::operator <<<std::char_traits<char>>(std::basic_ostream<char,std::char_traits<char>> &,const unsigned char *)'
  c:\program files (x86)\microsoft visual studio\2017\community\vc\tools\msvc\14.11.25503\include\ostream(949): note: ou       'std::basic_ostream<char,std::char_traits<char>> &std::operator <<<std::char_traits<char>>(std::basic_ostream<char,std::char_traits<char>> &,signed char)'
  c:\program files (x86)\microsoft visual studio\2017\community\vc\tools\msvc\14.11.25503\include\ostream(942): note: ou       'std::basic_ostream<char,std::char_traits<char>> &std::operator <<<std::char_traits<char>>(std::basic_ostream<char,std::char_traits<char>> &,const signed char *)'
  c:\program files (x86)\microsoft visual studio\2017\community\vc\tools\msvc\14.11.25503\include\ostream(816): note: ou       'std::basic_ostream<char,std::char_traits<char>> &std::operator <<<std::char_traits<char>>(std::basic_ostream<char,std::char_traits<char>> &,char)'
  c:\program files (x86)\microsoft visual studio\2017\community\vc\tools\msvc\14.11.25503\include\ostream(769): note: ou       'std::basic_ostream<char,std::char_traits<char>> &std::operator <<<std::char_traits<char>>(std::basic_ostream<char,std::char_traits<char>> &,const char *)'
  c:\program files (x86)\microsoft visual studio\2017\community\vc\tools\msvc\14.11.25503\include\ostream(731): note: ou       'std::basic_ostream<char,std::char_traits<char>> &std::operator <<<char,std::char_traits<char>>(std::basic_ostream<char,std::char_traits<char>> &,char)'
  c:\program files (x86)\microsoft visual studio\2017\community\vc\tools\msvc\14.11.25503\include\ostream(684): note: ou       'std::basic_ostream<char,std::char_traits<char>> &std::operator <<<char,std::char_traits<char>>(std::basic_ostream<char,std::char_traits<char>> &,const char *)'
  c:\users\rafae\downloads\arvoreenaria-master\arvoreenaria\arvoreenaria\infoarvoreenaria.cpp(15): note: ou       'built-in C++ operator<<(bool, bool)'
  c:\users\rafae\downloads\arvoreenaria-master\arvoreenaria\arvoreenaria\infoarvoreenaria.cpp(15): note: ao tentar corresponder a lista de argumentos '(std::ostream, std::ostream)'
  Gerando Código...
